setup.sh: line 1: cd: /data/quokka/ws/9/s4122485-parallelDD/parallel-unsupervised-concept-drift-detection-main: No such file or directory

The following have been reloaded with a version change:
  1) release/24.10 => release/25.06

Modules GCCcore/14.2.0, zlib/1.3.1, binutils/2.42, binutils/2.42 and 1 dependency unloaded.
Modules GCC/14.2.0, zlib/1.3.1, binutils/2.42, GCCcore/14.2.0, binutils/2.42, Python/3.13.1 and 11 dependencies loaded.
INFO:__main__:Copied datasets/files/PokerHand.csv -> /tmp/PokerHand.csv
[I 2026-02-10 21:56:21,058] A new study created in memory with name: ewdd_optimization
================================================================================
EWDD Hyperparameter Optimization using Optuna
================================================================================
Study name: ewdd_optimization
Max trials: 1000
Parallel jobs: 1
Timeout: None
Storage: In-memory
Fixed parameters:
  - Dataset: PokerHand
  - Classifier: HoeffdingTreeClassifier
  - Training samples: 1600
  - Seed: 42
  - Recent samples size: optimized (50-5000)
================================================================================

  0%|          | 0/1000 [00:00<?, ?it/s]INFO:detectors.ewdd.ewdd:EWDD loaded 7 detectors
INFO:detectors.ewdd.threads_deployment:EWDD initialized with 7 workers (level1=any, window=87)

=== EWDD Deployment ===
Ensemble decision criteria: any
Detector decision criteria: any
Decision window: 87
Suppression window: 301
Number of detectors: 7

Deployed detectors:
  [1] BNDM: {'drifts': [], 'labels': [], 'predictions': [], 'used_labels_set': set(), 'single_variate': False, 'feature_id': None, 'feature_key': None, 'n_samples': 369, 'data_window': deque([], maxlen=738), 'const': 0.3037864935284442, 'threshold': 0.8759278817295955, 'max_depth': 9, 'distribution': <scipy.stats._distn_infrastructure.rv_continuous_frozen object at 0x30322d6c490>}
  [2] CSDDM: {'drifts': [], 'labels': [], 'predictions': [], 'used_labels_set': set(), 'single_variate': False, 'feature_id': None, 'feature_key': None, 'n_samples': 145, 'reference_data': [], 'reference_clusters': None, 'recent_data': deque([], maxlen=145), 'recent_transformed_data': deque([], maxlen=145), 'n_clusters': 7, 'n_components': None, 'kmeans': None, 'feature_proportion': 0.26364247048639056, 'pca': None, 'confidence': 0.01}
  [3] D3: {'drifts': [], 'labels': [], 'predictions': [], 'used_labels_set': set(), 'single_variate': False, 'feature_id': None, 'feature_key': None, 'data': [], 'n_reference_samples': 215, 'recent_samples_proportion': 0.25523149289766617, 'n_samples': 269, 'threshold': 0.728140769114411, 'kfold': StratifiedKFold(n_splits=2, random_state=42, shuffle=True)}
  [4] IBDD: {'drifts': [], 'labels': [], 'predictions': [], 'used_labels_set': set(), 'single_variate': False, 'feature_id': None, 'feature_key': None, 'n_samples': 479, 'reference_data': [], 'recent_data': deque([], maxlen=479), 'recent_deviations': deque([], maxlen=14), 'n_consecutive_deviations': 11, 'upper_threshold': None, 'lower_threshold': None, 'threshold_diffs': [], 'update_interval': 14, 'n_permutations': 633, 'time_step': 0, 'last_threshold_update': 0, 'rng': Generator(PCG64) at 0x3032554FDC0}
  [5] OCDD: {'drifts': [], 'labels': [], 'predictions': [], 'used_labels_set': set(), 'single_variate': False, 'feature_id': None, 'feature_key': None, 'n_samples': 324, 'data': deque([], maxlen=324), 'outliers': deque([], maxlen=324), 'threshold': 0.23641929894983324, 'outlier_detector': None, 'outlier_detector_class': <class 'sklearn.svm._classes.OneClassSVM'>, 'outlier_detector_kwargs': {}}
  [6] SPLL: {'drifts': [], 'labels': [], 'predictions': [], 'used_labels_set': set(), 'single_variate': False, 'feature_id': None, 'feature_key': None, 'n_samples': 158, 'recent_data': deque([], maxlen=158), 'reference_data': deque([], maxlen=158), 'n_clusters': 20, 'kmeans': KMeans(n_clusters=20, random_state=42), 'threshold': 4.8315969620653405}
  [7] UDetect: {'drifts': [], 'labels': [], 'predictions': [], 'used_labels_set': set(), 'single_variate': False, 'feature_id': None, 'feature_key': None, 'n_windows': 26, 'n_samples': 75, 'data': deque([], maxlen=75), 'summaries': [], 'disjoint_training_windows': False, 'upper_range_limit': None, 'upper_individual_limit': None, 'lower_individual_limit': None}
========================

/mnt/quokka/ws/ws_9/s4122485-parallelDD/parallel-unsupervised-concept-drift-detection/detectors/spll.py:79: RuntimeWarning: overflow encountered in exp
  probability = np.exp(-spll)
/mnt/quokka/ws/ws_9/s4122485-parallelDD/parallel-unsupervised-concept-drift-detection/detectors/spll.py:79: RuntimeWarning: overflow encountered in exp
  probability = np.exp(-spll)
INFO:__main__:Trial 0: accuracy=0.9120, runtime=427.6s, drifts=2735
  0%|          | 1/1000 [07:08<118:49:25, 428.19s/it]INFO:detectors.ewdd.ewdd:EWDD loaded 7 detectors
INFO:detectors.ewdd.threads_deployment:EWDD initialized with 7 workers (level1=majority, window=32)
[I 2026-02-10 22:03:29,268] Trial 0 finished with values: [0.9120158450171367, 427.64717507362366] and parameters: {'recent_samples_size': 1904, 'detector_decision_criteria': 'any', 'ensemble_decision_criteria': 'any', 'decision_window': 87, 'suppression_window': 301, 'bndm_n_samples': 369, 'bndm_const': 0.3037864935284442, 'bndm_threshold': 0.8759278817295955, 'bndm_max_depth': 9, 'csddm_n_samples': 145, 'csddm_feature_proportion': 0.26364247048639056, 'csddm_n_clusters': 7, 'csddm_confidence': 0.01, 'd3_n_reference_samples': 215, 'd3_recent_samples_proportion': 0.25523149289766617, 'd3_threshold': 0.728140769114411, 'ibdd_n_samples': 479, 'ibdd_n_consecutive_deviations': 11, 'ibdd_n_permutations': 633, 'ibdd_update_interval': 14, 'ocdd_n_samples': 324, 'ocdd_threshold': 0.23641929894983324, 'spll_n_samples': 158, 'spll_n_clusters': 20, 'spll_threshold': 4.8315969620653405, 'udetect_n_windows': 26, 'udetect_n_samples': 75, 'udetect_disjoint_training_windows': False}.

=== EWDD Deployment ===
Ensemble decision criteria: any
Detector decision criteria: majority
Decision window: 32
Suppression window: 260
Number of detectors: 7

Deployed detectors:
  [1] BNDM: {'drifts': [], 'labels': [], 'predictions': [], 'used_labels_set': set(), 'single_variate': False, 'feature_id': None, 'feature_key': None, 'n_samples': 296, 'data_window': deque([], maxlen=592), 'const': 1.9300591097027178, 'threshold': 0.8756677022116469, 'max_depth': 8, 'distribution': <scipy.stats._distn_infrastructure.rv_continuous_frozen object at 0x30325cf1690>}
  [2] CSDDM: {'drifts': [], 'labels': [], 'predictions': [], 'used_labels_set': set(), 'single_variate': False, 'feature_id': None, 'feature_key': None, 'n_samples': 473, 'reference_data': [], 'reference_clusters': None, 'recent_data': deque([], maxlen=473), 'recent_transformed_data': deque([], maxlen=473), 'n_clusters': 19, 'n_components': None, 'kmeans': None, 'feature_proportion': 0.905344615384884, 'pca': None, 'confidence': 0.25}
  [3] D3: {'drifts': [], 'labels': [], 'predictions': [], 'used_labels_set': set(), 'single_variate': False, 'feature_id': None, 'feature_key': None, 'data': [], 'n_reference_samples': 423, 'recent_samples_proportion': 0.2105389970121152, 'n_samples': 512, 'threshold': 0.32474760774990463, 'kfold': StratifiedKFold(n_splits=2, random_state=42, shuffle=True)}
  [4] IBDD: {'drifts': [], 'labels': [], 'predictions': [], 'used_labels_set': set(), 'single_variate': False, 'feature_id': None, 'feature_key': None, 'n_samples': 1131, 'reference_data': [], 'recent_data': deque([], maxlen=1131), 'recent_deviations': deque([], maxlen=16), 'n_consecutive_deviations': 3, 'upper_threshold': None, 'lower_threshold': None, 'threshold_diffs': [], 'update_interval': 16, 'n_permutations': 822, 'time_step': 0, 'last_threshold_update': 0, 'rng': Generator(PCG64) at 0x3033B9D1A40}
  [5] OCDD: {'drifts': [], 'labels': [], 'predictions': [], 'used_labels_set': set(), 'single_variate': False, 'feature_id': None, 'feature_key': None, 'n_samples': 495, 'data': deque([], maxlen=495), 'outliers': deque([], maxlen=495), 'threshold': 0.717795815437326, 'outlier_detector': None, 'outlier_detector_class': <class 'sklearn.svm._classes.OneClassSVM'>, 'outlier_detector_kwargs': {}}
  [6] SPLL: {'drifts': [], 'labels': [], 'predictions': [], 'used_labels_set': set(), 'single_variate': False, 'feature_id': None, 'feature_key': None, 'n_samples': 279, 'recent_data': deque([], maxlen=279), 'reference_data': deque([], maxlen=279), 'n_clusters': 2, 'kmeans': KMeans(n_clusters=2, random_state=42), 'threshold': 4.095760999428688}
  [7] UDetect: {'drifts': [], 'labels': [], 'predictions': [], 'used_labels_set': set(), 'single_variate': False, 'feature_id': None, 'feature_key': None, 'n_windows': 23, 'n_samples': 151, 'data': deque([], maxlen=151), 'summaries': [], 'disjoint_training_windows': True, 'upper_range_limit': None, 'upper_individual_limit': None, 'lower_individual_limit': None}
========================

/mnt/quokka/ws/ws_9/s4122485-parallelDD/parallel-unsupervised-concept-drift-detection/detectors/spll.py:79: RuntimeWarning: overflow encountered in exp
  probability = np.exp(-spll)
INFO:__main__:Trial 1: accuracy=0.1919, runtime=3950.7s, drifts=0
  0%|          | 2/1000 [1:12:59<693:10:42, 2500.44s/it]INFO:detectors.ewdd.ewdd:EWDD loaded 7 detectors
INFO:detectors.ewdd.threads_deployment:EWDD initialized with 7 workers (level1=majority, window=33)
[I 2026-02-10 23:09:20,286] Trial 1 finished with values: [0.19193681363581885, 3950.665216445923] and parameters: {'recent_samples_size': 2229, 'detector_decision_criteria': 'majority', 'ensemble_decision_criteria': 'any', 'decision_window': 32, 'suppression_window': 260, 'bndm_n_samples': 296, 'bndm_const': 1.9300591097027178, 'bndm_threshold': 0.8756677022116469, 'bndm_max_depth': 8, 'csddm_n_samples': 473, 'csddm_feature_proportion': 0.905344615384884, 'csddm_n_clusters': 19, 'csddm_confidence': 0.25, 'd3_n_reference_samples': 423, 'd3_recent_samples_proportion': 0.2105389970121152, 'd3_threshold': 0.32474760774990463, 'ibdd_n_samples': 1131, 'ibdd_n_consecutive_deviations': 3, 'ibdd_n_permutations': 822, 'ibdd_update_interval': 16, 'ocdd_n_samples': 495, 'ocdd_threshold': 0.717795815437326, 'spll_n_samples': 279, 'spll_n_clusters': 2, 'spll_threshold': 4.095760999428688, 'udetect_n_windows': 23, 'udetect_n_samples': 151, 'udetect_disjoint_training_windows': True}.

=== EWDD Deployment ===
Ensemble decision criteria: any
Detector decision criteria: majority
Decision window: 33
Suppression window: 365
Number of detectors: 7

Deployed detectors:
  [1] BNDM: {'drifts': [], 'labels': [], 'predictions': [], 'used_labels_set': set(), 'single_variate': False, 'feature_id': None, 'feature_key': None, 'n_samples': 337, 'data_window': deque([], maxlen=674), 'const': 8.883406151505632, 'threshold': 0.4777719401295595, 'max_depth': 2, 'distribution': <scipy.stats._distn_infrastructure.rv_continuous_frozen object at 0x30325cf2590>}
  [2] CSDDM: {'drifts': [], 'labels': [], 'predictions': [], 'used_labels_set': set(), 'single_variate': False, 'feature_id': None, 'feature_key': None, 'n_samples': 371, 'reference_data': [], 'reference_clusters': None, 'recent_data': deque([], maxlen=371), 'recent_transformed_data': deque([], maxlen=371), 'n_clusters': 18, 'n_components': None, 'kmeans': None, 'feature_proportion': 0.7847065437552077, 'pca': None, 'confidence': 0.25}
  [3] D3: {'drifts': [], 'labels': [], 'predictions': [], 'used_labels_set': set(), 'single_variate': False, 'feature_id': None, 'feature_key': None, 'data': [], 'n_reference_samples': 337, 'recent_samples_proportion': 0.191460191484347, 'n_samples': 401, 'threshold': 0.5068565529317622, 'kfold': StratifiedKFold(n_splits=2, random_state=42, shuffle=True)}
  [4] IBDD: {'drifts': [], 'labels': [], 'predictions': [], 'used_labels_set': set(), 'single_variate': False, 'feature_id': None, 'feature_key': None, 'n_samples': 1825, 'reference_data': [], 'recent_data': deque([], maxlen=1825), 'recent_deviations': deque([], maxlen=78), 'n_consecutive_deviations': 5, 'upper_threshold': None, 'lower_threshold': None, 'threshold_diffs': [], 'update_interval': 78, 'n_permutations': 469, 'time_step': 0, 'last_threshold_update': 0, 'rng': Generator(PCG64) at 0x3033B9D6C80}
  [5] OCDD: {'drifts': [], 'labels': [], 'predictions': [], 'used_labels_set': set(), 'single_variate': False, 'feature_id': None, 'feature_key': None, 'n_samples': 153, 'data': deque([], maxlen=153), 'outliers': deque([], maxlen=153), 'threshold': 0.1615839278630344, 'outlier_detector': None, 'outlier_detector_class': <class 'sklearn.svm._classes.OneClassSVM'>, 'outlier_detector_kwargs': {}}
  [6] SPLL: {'drifts': [], 'labels': [], 'predictions': [], 'used_labels_set': set(), 'single_variate': False, 'feature_id': None, 'feature_key': None, 'n_samples': 361, 'recent_data': deque([], maxlen=361), 'reference_data': deque([], maxlen=361), 'n_clusters': 5, 'kmeans': KMeans(n_clusters=5, random_state=42), 'threshold': 4.655518496478608}
  [7] UDetect: {'drifts': [], 'labels': [], 'predictions': [], 'used_labels_set': set(), 'single_variate': False, 'feature_id': None, 'feature_key': None, 'n_windows': 26, 'n_samples': 134, 'data': deque([], maxlen=134), 'summaries': [], 'disjoint_training_windows': True, 'upper_range_limit': None, 'upper_individual_limit': None, 'lower_individual_limit': None}
========================

INFO:__main__:Trial 2: accuracy=0.1919, runtime=1308.9s, drifts=0
  0%|          | 3/1000 [1:34:48<541:50:54, 1956.52s/it]INFO:detectors.ewdd.ewdd:EWDD loaded 7 detectors
INFO:detectors.ewdd.threads_deployment:EWDD initialized with 7 workers (level1=any, window=23)
[I 2026-02-10 23:31:09,546] Trial 2 finished with values: [0.19193681363581885, 1308.9154641628265] and parameters: {'recent_samples_size': 1824, 'detector_decision_criteria': 'majority', 'ensemble_decision_criteria': 'any', 'decision_window': 33, 'suppression_window': 365, 'bndm_n_samples': 337, 'bndm_const': 8.883406151505632, 'bndm_threshold': 0.4777719401295595, 'bndm_max_depth': 2, 'csddm_n_samples': 371, 'csddm_feature_proportion': 0.7847065437552077, 'csddm_n_clusters': 18, 'csddm_confidence': 0.25, 'd3_n_reference_samples': 337, 'd3_recent_samples_proportion': 0.191460191484347, 'd3_threshold': 0.5068565529317622, 'ibdd_n_samples': 1825, 'ibdd_n_consecutive_deviations': 5, 'ibdd_n_permutations': 469, 'ibdd_update_interval': 78, 'ocdd_n_samples': 153, 'ocdd_threshold': 0.1615839278630344, 'spll_n_samples': 361, 'spll_n_clusters': 5, 'spll_threshold': 4.655518496478608, 'udetect_n_windows': 26, 'udetect_n_samples': 134, 'udetect_disjoint_training_windows': True}.
